#
# There is insufficient memory for the Java Runtime Environment to continue.
# Native memory allocation (mmap) failed to map 8589934592 bytes for committing reserved memory.
# Possible reasons:
#   The system is out of physical RAM or swap space
#   In 32 bit mode, the process size limit was hit
# Possible solutions:
#   Reduce memory load on the system
#   Increase physical memory or swap space
#   Check if swap backing store is full
#   Use 64 bit Java on a 64 bit OS
#   Decrease Java heap size (-Xmx/-Xms)
#   Decrease number of Java threads
#   Decrease Java thread stack sizes (-Xss)
#   Set larger code cache with -XX:ReservedCodeCacheSize=
# This output file may be truncated or incomplete.
#
#  Out of Memory Error (os_linux.cpp:2640), pid=21717, tid=0x00007fdec8472700
#
# JRE version:  (8.0_131-b11) (build )
# Java VM: Java HotSpot(TM) 64-Bit Server VM (25.131-b11 mixed mode linux-amd64 compressed oops)
# Failed to write core dump. Core dumps have been disabled. To enable core dumping, try "ulimit -c unlimited" before starting Java again
#

---------------  T H R E A D  ---------------

Current thread (0x00007fdec0009800):  JavaThread "Unknown thread" [_thread_in_vm, id=21718, stack(0x00007fdec8372000,0x00007fdec8473000)]

Stack: [0x00007fdec8372000,0x00007fdec8473000],  sp=0x00007fdec84713c0,  free space=1020k
Native frames: (J=compiled Java code, j=interpreted, Vv=VM code, C=native code)
V  [libjvm.so+0xac826a]  VMError::report_and_die()+0x2ba
V  [libjvm.so+0x4fd4cb]  report_vm_out_of_memory(char const*, int, unsigned long, VMErrorType, char const*)+0x8b
V  [libjvm.so+0x924f53]  os::Linux::commit_memory_impl(char*, unsigned long, bool)+0x103
V  [libjvm.so+0x9254a9]  os::pd_commit_memory(char*, unsigned long, unsigned long, bool)+0x29
V  [libjvm.so+0x91f6ca]  os::commit_memory(char*, unsigned long, unsigned long, bool)+0x2a
V  [libjvm.so+0x9941e3]  PSVirtualSpace::expand_by(unsigned long)+0x53
V  [libjvm.so+0x9842f7]  PSOldGen::initialize(ReservedSpace, unsigned long, char const*, int)+0xb7
V  [libjvm.so+0x2d8cea]  AdjoiningGenerations::AdjoiningGenerations(ReservedSpace, GenerationSizer*, unsigned long)+0x39a
V  [libjvm.so+0x9485c6]  ParallelScavengeHeap::initialize()+0x1d6
V  [libjvm.so+0xa902e3]  Universe::initialize_heap()+0xf3
V  [libjvm.so+0xa9084e]  universe_init()+0x3e
V  [libjvm.so+0x63e3e5]  init_globals()+0x65
V  [libjvm.so+0xa73f3e]  Threads::create_vm(JavaVMInitArgs*, bool*)+0x23e
V  [libjvm.so+0x6d2ce4]  JNI_CreateJavaVM+0x74
C  [libjli.so+0x745e]  JavaMain+0x9e
C  [libpthread.so.0+0x76ca]  start_thread+0xca


---------------  P R O C E S S  ---------------

Java Threads: ( => current thread )

Other Threads:

=>0x00007fdec0009800 (exited) JavaThread "Unknown thread" [_thread_in_vm, id=21718, stack(0x00007fdec8372000,0x00007fdec8473000)]

VM state:not at safepoint (not fully initialized)

VM Mutex/Monitor currently owned by a thread: None

GC Heap History (0 events):
No events

Deoptimization events (0 events):
No events

Internal exceptions (0 events):
No events

Events (0 events):
No events


Dynamic libraries:
00400000-00401000 r-xp 00000000 08:03 20578568                           /usr/lib/jvm/java-8-oracle/jre/bin/java
00600000-00601000 rw-p 00000000 08:03 20578568                           /usr/lib/jvm/java-8-oracle/jre/bin/java
01398000-013b9000 rw-p 00000000 00:00 0                                  [heap]
6c0000000-7c0000000 rw-p 00000000 00:00 0 
7fdeaf7ff000-7fdeb07ff000 ---p 00000000 00:00 0 
7fdeb07ff000-7fdeb1000000 rw-p 00000000 00:00 0 
7fdeb1000000-7fdeb1270000 rwxp 00000000 00:00 0 
7fdeb1270000-7fdec0000000 ---p 00000000 00:00 0 
7fdec0000000-7fdec0034000 rw-p 00000000 00:00 0 
7fdec0034000-7fdec4000000 ---p 00000000 00:00 0 
7fdec4e80000-7fdec5111000 rw-p 00000000 00:00 0 
7fdec5111000-7fdec54c7000 ---p 00000000 00:00 0 
7fdec54c7000-7fdec54e1000 r-xp 00000000 08:03 20578879                   /usr/lib/jvm/java-8-oracle/jre/lib/amd64/libzip.so
7fdec54e1000-7fdec56e1000 ---p 0001a000 08:03 20578879                   /usr/lib/jvm/java-8-oracle/jre/lib/amd64/libzip.so
7fdec56e1000-7fdec56e2000 rw-p 0001a000 08:03 20578879                   /usr/lib/jvm/java-8-oracle/jre/lib/amd64/libzip.so
7fdec56e2000-7fdec56ed000 r-xp 00000000 08:03 19665551                   /lib/x86_64-linux-gnu/libnss_files-2.24.so
7fdec56ed000-7fdec58ec000 ---p 0000b000 08:03 19665551                   /lib/x86_64-linux-gnu/libnss_files-2.24.so
7fdec58ec000-7fdec58ed000 r--p 0000a000 08:03 19665551                   /lib/x86_64-linux-gnu/libnss_files-2.24.so
7fdec58ed000-7fdec58ee000 rw-p 0000b000 08:03 19665551                   /lib/x86_64-linux-gnu/libnss_files-2.24.so
7fdec58ee000-7fdec58f4000 rw-p 00000000 00:00 0 
7fdec58f4000-7fdec58ff000 r-xp 00000000 08:03 19665553                   /lib/x86_64-linux-gnu/libnss_nis-2.24.so
7fdec58ff000-7fdec5afe000 ---p 0000b000 08:03 19665553                   /lib/x86_64-linux-gnu/libnss_nis-2.24.so
7fdec5afe000-7fdec5aff000 r--p 0000a000 08:03 19665553                   /lib/x86_64-linux-gnu/libnss_nis-2.24.so
7fdec5aff000-7fdec5b00000 rw-p 0000b000 08:03 19665553                   /lib/x86_64-linux-gnu/libnss_nis-2.24.so
7fdec5b00000-7fdec5b16000 r-xp 00000000 08:03 19665548                   /lib/x86_64-linux-gnu/libnsl-2.24.so
7fdec5b16000-7fdec5d15000 ---p 00016000 08:03 19665548                   /lib/x86_64-linux-gnu/libnsl-2.24.so
7fdec5d15000-7fdec5d16000 r--p 00015000 08:03 19665548                   /lib/x86_64-linux-gnu/libnsl-2.24.so
7fdec5d16000-7fdec5d17000 rw-p 00016000 08:03 19665548                   /lib/x86_64-linux-gnu/libnsl-2.24.so
7fdec5d17000-7fdec5d19000 rw-p 00000000 00:00 0 
7fdec5d19000-7fdec5d21000 r-xp 00000000 08:03 19665549                   /lib/x86_64-linux-gnu/libnss_compat-2.24.so
7fdec5d21000-7fdec5f20000 ---p 00008000 08:03 19665549                   /lib/x86_64-linux-gnu/libnss_compat-2.24.so
7fdec5f20000-7fdec5f21000 r--p 00007000 08:03 19665549                   /lib/x86_64-linux-gnu/libnss_compat-2.24.so
7fdec5f21000-7fdec5f22000 rw-p 00008000 08:03 19665549                   /lib/x86_64-linux-gnu/libnss_compat-2.24.so
7fdec5f22000-7fdec5f4d000 r-xp 00000000 08:03 20578873                   /usr/lib/jvm/java-8-oracle/jre/lib/amd64/libjava.so
7fdec5f4d000-7fdec614c000 ---p 0002b000 08:03 20578873                   /usr/lib/jvm/java-8-oracle/jre/lib/amd64/libjava.so
7fdec614c000-7fdec614e000 rw-p 0002a000 08:03 20578873                   /usr/lib/jvm/java-8-oracle/jre/lib/amd64/libjava.so
7fdec614e000-7fdec615b000 r-xp 00000000 08:03 20578878                   /usr/lib/jvm/java-8-oracle/jre/lib/amd64/libverify.so
7fdec615b000-7fdec635a000 ---p 0000d000 08:03 20578878                   /usr/lib/jvm/java-8-oracle/jre/lib/amd64/libverify.so
7fdec635a000-7fdec635c000 rw-p 0000c000 08:03 20578878                   /usr/lib/jvm/java-8-oracle/jre/lib/amd64/libverify.so
7fdec635c000-7fdec6363000 r-xp 00000000 08:03 19665558                   /lib/x86_64-linux-gnu/librt-2.24.so
7fdec6363000-7fdec6562000 ---p 00007000 08:03 19665558                   /lib/x86_64-linux-gnu/librt-2.24.so
7fdec6562000-7fdec6563000 r--p 00006000 08:03 19665558                   /lib/x86_64-linux-gnu/librt-2.24.so
7fdec6563000-7fdec6564000 rw-p 00007000 08:03 19665558                   /lib/x86_64-linux-gnu/librt-2.24.so
7fdec6564000-7fdec666c000 r-xp 00000000 08:03 19665545                   /lib/x86_64-linux-gnu/libm-2.24.so
7fdec666c000-7fdec686b000 ---p 00108000 08:03 19665545                   /lib/x86_64-linux-gnu/libm-2.24.so
7fdec686b000-7fdec686c000 r--p 00107000 08:03 19665545                   /lib/x86_64-linux-gnu/libm-2.24.so
7fdec686c000-7fdec686d000 rw-p 00108000 08:03 19665545                   /lib/x86_64-linux-gnu/libm-2.24.so
7fdec686d000-7fdec753c000 r-xp 00000000 08:03 20578856                   /usr/lib/jvm/java-8-oracle/jre/lib/amd64/server/libjvm.so
7fdec753c000-7fdec773c000 ---p 00ccf000 08:03 20578856                   /usr/lib/jvm/java-8-oracle/jre/lib/amd64/server/libjvm.so
7fdec773c000-7fdec7815000 rw-p 00ccf000 08:03 20578856                   /usr/lib/jvm/java-8-oracle/jre/lib/amd64/server/libjvm.so
7fdec7815000-7fdec7860000 rw-p 00000000 00:00 0 
7fdec7860000-7fdec7a1e000 r-xp 00000000 08:03 19665541                   /lib/x86_64-linux-gnu/libc-2.24.so
7fdec7a1e000-7fdec7c1d000 ---p 001be000 08:03 19665541                   /lib/x86_64-linux-gnu/libc-2.24.so
7fdec7c1d000-7fdec7c21000 r--p 001bd000 08:03 19665541                   /lib/x86_64-linux-gnu/libc-2.24.so
7fdec7c21000-7fdec7c23000 rw-p 001c1000 08:03 19665541                   /lib/x86_64-linux-gnu/libc-2.24.so
7fdec7c23000-7fdec7c27000 rw-p 00000000 00:00 0 
7fdec7c27000-7fdec7c2a000 r-xp 00000000 08:03 19665544                   /lib/x86_64-linux-gnu/libdl-2.24.so
7fdec7c2a000-7fdec7e29000 ---p 00003000 08:03 19665544                   /lib/x86_64-linux-gnu/libdl-2.24.so
7fdec7e29000-7fdec7e2a000 r--p 00002000 08:03 19665544                   /lib/x86_64-linux-gnu/libdl-2.24.so
7fdec7e2a000-7fdec7e2b000 rw-p 00003000 08:03 19665544                   /lib/x86_64-linux-gnu/libdl-2.24.so
7fdec7e2b000-7fdec7e40000 r-xp 00000000 08:03 20578851                   /usr/lib/jvm/java-8-oracle/jre/lib/amd64/jli/libjli.so
7fdec7e40000-7fdec8040000 ---p 00015000 08:03 20578851                   /usr/lib/jvm/java-8-oracle/jre/lib/amd64/jli/libjli.so
7fdec8040000-7fdec8041000 rw-p 00015000 08:03 20578851                   /usr/lib/jvm/java-8-oracle/jre/lib/amd64/jli/libjli.so
7fdec8041000-7fdec8059000 r-xp 00000000 08:03 19665556                   /lib/x86_64-linux-gnu/libpthread-2.24.so
7fdec8059000-7fdec8259000 ---p 00018000 08:03 19665556                   /lib/x86_64-linux-gnu/libpthread-2.24.so
7fdec8259000-7fdec825a000 r--p 00018000 08:03 19665556                   /lib/x86_64-linux-gnu/libpthread-2.24.so
7fdec825a000-7fdec825b000 rw-p 00019000 08:03 19665556                   /lib/x86_64-linux-gnu/libpthread-2.24.so
7fdec825b000-7fdec825f000 rw-p 00000000 00:00 0 
7fdec825f000-7fdec8284000 r-xp 00000000 08:03 19661205                   /lib/x86_64-linux-gnu/ld-2.24.so
7fdec8372000-7fdec8375000 ---p 00000000 00:00 0 
7fdec8375000-7fdec8475000 rw-p 00000000 00:00 0 
7fdec8477000-7fdec847f000 rw-s 00000000 08:03 12202010                   /tmp/hsperfdata_mc263/21717
7fdec847f000-7fdec8480000 rw-p 00000000 00:00 0 
7fdec8480000-7fdec8481000 r--p 00000000 00:00 0 
7fdec8481000-7fdec8484000 rw-p 00000000 00:00 0 
7fdec8484000-7fdec8485000 r--p 00025000 08:03 19661205                   /lib/x86_64-linux-gnu/ld-2.24.so
7fdec8485000-7fdec8486000 rw-p 00026000 08:03 19661205                   /lib/x86_64-linux-gnu/ld-2.24.so
7fdec8486000-7fdec8487000 rw-p 00000000 00:00 0 
7ffe3ab0a000-7ffe3ab2b000 rw-p 00000000 00:00 0                          [stack]
7ffe3abd4000-7ffe3abd6000 r--p 00000000 00:00 0                          [vvar]
7ffe3abd6000-7ffe3abd8000 r-xp 00000000 00:00 0                          [vdso]
ffffffffff600000-ffffffffff601000 r-xp 00000000 00:00 0                  [vsyscall]

VM Arguments:
jvm_args: -Xmx12288M -Xms12288M 
java_command: /home/admin1/multicraft/servers/server263/minecraft_server.jar nogui
java_class_path (initial): /home/admin1/multicraft/servers/server263/minecraft_server.jar
Launcher Type: SUN_STANDARD

Environment Variables:
PATH=/usr/local/bin:/usr/bin:/bin

Signal Handlers:
SIGSEGV: [libjvm.so+0xac8af0], sa_mask[0]=11111111011111111101111111111110, sa_flags=SA_RESTART|SA_SIGINFO
SIGBUS: [libjvm.so+0xac8af0], sa_mask[0]=11111111011111111101111111111110, sa_flags=SA_RESTART|SA_SIGINFO
SIGFPE: [libjvm.so+0x921dd0], sa_mask[0]=11111111011111111101111111111110, sa_flags=SA_RESTART|SA_SIGINFO
SIGPIPE: [libjvm.so+0x921dd0], sa_mask[0]=11111111011111111101111111111110, sa_flags=SA_RESTART|SA_SIGINFO
SIGXFSZ: [libjvm.so+0x921dd0], sa_mask[0]=11111111011111111101111111111110, sa_flags=SA_RESTART|SA_SIGINFO
SIGILL: [libjvm.so+0x921dd0], sa_mask[0]=11111111011111111101111111111110, sa_flags=SA_RESTART|SA_SIGINFO
SIGUSR1: SIG_DFL, sa_mask[0]=00000000000000000000000000000000, sa_flags=none
SIGUSR2: [libjvm.so+0x923610], sa_mask[0]=00000000000000000000000000000000, sa_flags=SA_RESTART|SA_SIGINFO
SIGHUP: SIG_DFL, sa_mask[0]=00000000000000000000000000000000, sa_flags=none
SIGINT: SIG_IGN, sa_mask[0]=00000000000000000000000000000000, sa_flags=none
SIGTERM: SIG_DFL, sa_mask[0]=00000000000000000000000000000000, sa_flags=none
SIGQUIT: SIG_DFL, sa_mask[0]=00000000000000000000000000000000, sa_flags=none


---------------  S Y S T E M  ---------------

OS:DISTRIB_ID=Ubuntu
DISTRIB_RELEASE=16.10
DISTRIB_CODENAME=yakkety
DISTRIB_DESCRIPTION="Ubuntu 16.10"

uname:Linux 4.8.0-59-generic #64-Ubuntu SMP Thu Jun 29 19:38:34 UTC 2017 x86_64
libc:glibc 2.24 NPTL 2.24 
rlimit: STACK 8192k, CORE 0k, NPROC 580049, NOFILE 65536, AS infinity
load average:2.35 2.57 2.86

/proc/meminfo:
MemTotal:       148535744 kB
MemFree:         1617768 kB
MemAvailable:    3781168 kB
Buffers:          728208 kB
Cached:          3263944 kB
SwapCached:       130472 kB
Active:         140803872 kB
Inactive:        4491932 kB
Active(anon):   138862588 kB
Inactive(anon):  3552712 kB
Active(file):    1941284 kB
Inactive(file):   939220 kB
Unevictable:        3652 kB
Mlocked:            3652 kB
SwapTotal:       3906556 kB
SwapFree:         178448 kB
Dirty:              1156 kB
Writeback:             0 kB
AnonPages:      141167964 kB
Mapped:           316608 kB
Shmem:           1109216 kB
Slab:             743976 kB
SReclaimable:     412888 kB
SUnreclaim:       331088 kB
KernelStack:       52272 kB
PageTables:       339636 kB
NFS_Unstable:          0 kB
Bounce:                0 kB
WritebackTmp:          0 kB
CommitLimit:    78174428 kB
Committed_AS:   175072604 kB
VmallocTotal:   34359738367 kB
VmallocUsed:           0 kB
VmallocChunk:          0 kB
HardwareCorrupted:     0 kB
AnonHugePages:  82022400 kB
ShmemHugePages:        0 kB
ShmemPmdMapped:        0 kB
CmaTotal:              0 kB
CmaFree:               0 kB
HugePages_Total:       0
HugePages_Free:        0
HugePages_Rsvd:        0
HugePages_Surp:        0
Hugepagesize:       2048 kB
DirectMap4k:     2237924 kB
DirectMap2M:    133015552 kB
DirectMap1G:    17825792 kB


CPU:total 24 (initial active 24) (6 cores per cpu, 2 threads per core) family 6 model 44 stepping 2, cmov, cx8, fxsr, mmx, sse, sse2, sse3, ssse3, sse4.1, sse4.2, popcnt, aes, clmul, ht, tsc, tscinvbit, tscinv

/proc/cpuinfo:
processor	: 0
vendor_id	: GenuineIntel
cpu family	: 6
model		: 44
model name	: Intel(R) Xeon(R) CPU           X5680  @ 3.33GHz
stepping	: 2
microcode	: 0x1a
cpu MHz		: 3324.900
cache size	: 12288 KB
physical id	: 1
siblings	: 12
core id		: 0
cpu cores	: 6
apicid		: 32
initial apicid	: 32
fpu		: yes
fpu_exception	: yes
cpuid level	: 11
wp		: yes
flags		: fpu vme de pse tsc msr pae mce cx8 apic sep mtrr pge mca cmov pat pse36 clflush dts acpi mmx fxsr sse sse2 ss ht tm pbe syscall nx pdpe1gb rdtscp lm constant_tsc arch_perfmon pebs bts rep_good nopl xtopology nonstop_tsc aperfmperf eagerfpu pni pclmulqdq dtes64 monitor ds_cpl vmx smx est tm2 ssse3 cx16 xtpr pdcm pcid dca sse4_1 sse4_2 popcnt aes lahf_lm tpr_shadow vnmi flexpriority ept vpid dtherm ida arat
bugs		:
bogomips	: 6649.80
clflush size	: 64
cache_alignment	: 64
address sizes	: 40 bits physical, 48 bits virtual
power management:

processor	: 1
vendor_id	: GenuineIntel
cpu family	: 6
model		: 44
model name	: Intel(R) Xeon(R) CPU           X5680  @ 3.33GHz
stepping	: 2
microcode	: 0x1a
cpu MHz		: 3324.900
cache size	: 12288 KB
physical id	: 0
siblings	: 12
core id		: 0
cpu cores	: 6
apicid		: 0
initial apicid	: 0
fpu		: yes
fpu_exception	: yes
cpuid level	: 11
wp		: yes
flags		: fpu vme de pse tsc msr pae mce cx8 apic sep mtrr pge mca cmov pat pse36 clflush dts acpi mmx fxsr sse sse2 ss ht tm pbe syscall nx pdpe1gb rdtscp lm constant_tsc arch_perfmon pebs bts rep_good nopl xtopology nonstop_tsc aperfmperf eagerfpu pni pclmulqdq dtes64 monitor ds_cpl vmx smx est tm2 ssse3 cx16 xtpr pdcm pcid dca sse4_1 sse4_2 popcnt aes lahf_lm tpr_shadow vnmi flexpriority ept vpid dtherm ida arat
bugs		:
bogomips	: 6649.80
clflush size	: 64
cache_alignment	: 64
address sizes	: 40 bits physical, 48 bits virtual
power management:

processor	: 2
vendor_id	: GenuineIntel
cpu family	: 6
model		: 44
model name	: Intel(R) Xeon(R) CPU           X5680  @ 3.33GHz
stepping	: 2
microcode	: 0x1a
cpu MHz		: 3324.900
cache size	: 12288 KB
physical id	: 1
siblings	: 12
core id		: 1
cpu cores	: 6
apicid		: 34
initial apicid	: 34
fpu		: yes
fpu_exception	: yes
cpuid level	: 11
wp		: yes
flags		: fpu vme de pse tsc msr pae mce cx8 apic sep mtrr pge mca cmov pat pse36 clflush dts acpi mmx fxsr sse sse2 ss ht tm pbe syscall nx pdpe1gb rdtscp lm constant_tsc arch_perfmon pebs bts rep_good nopl xtopology nonstop_tsc aperfmperf eagerfpu pni pclmulqdq dtes64 monitor ds_cpl vmx smx est tm2 ssse3 cx16 xtpr pdcm pcid dca sse4_1 sse4_2 popcnt aes lahf_lm tpr_shadow vnmi flexpriority ept vpid dtherm ida arat
bugs		:
bogomips	: 6649.80
clflush size	: 64
cache_alignment	: 64
address sizes	: 40 bits physical, 48 bits virtual
power management:

processor	: 3
vendor_id	: GenuineIntel
cpu family	: 6
model		: 44
model name	: Intel(R) Xeon(R) CPU           X5680  @ 3.33GHz
stepping	: 2
microcode	: 0x1a
cpu MHz		: 3324.900
cache size	: 12288 KB
physical id	: 0
siblings	: 12
core id		: 1
cpu cores	: 6
apicid		: 2
initial apicid	: 2
fpu		: yes
fpu_exception	: yes
cpuid level	: 11
wp		: yes
flags		: fpu vme de pse tsc msr pae mce cx8 apic sep mtrr pge mca cmov pat pse36 clflush dts acpi mmx fxsr sse sse2 ss ht tm pbe syscall nx pdpe1gb rdtscp lm constant_tsc arch_perfmon pebs bts rep_good nopl xtopology nonstop_tsc aperfmperf eagerfpu pni pclmulqdq dtes64 monitor ds_cpl vmx smx est tm2 ssse3 cx16 xtpr pdcm pcid dca sse4_1 sse4_2 popcnt aes lahf_lm tpr_shadow vnmi flexpriority ept vpid dtherm ida arat
bugs		:
bogomips	: 6649.80
clflush size	: 64
cache_alignment	: 64
address sizes	: 40 bits physical, 48 bits virtual
power management:

processor	: 4
vendor_id	: GenuineIntel
cpu family	: 6
model		: 44
model name	: Intel(R) Xeon(R) CPU           X5680  @ 3.33GHz
stepping	: 2
microcode	: 0x1a
cpu MHz		: 3324.900
cache size	: 12288 KB
physical id	: 1
siblings	: 12
core id		: 2
cpu cores	: 6
apicid		: 36
initial apicid	: 36
fpu		: yes
fpu_exception	: yes
cpuid level	: 11
wp		: yes
flags		: fpu vme de pse tsc msr pae mce cx8 apic sep mtrr pge mca cmov pat pse36 clflush dts acpi mmx fxsr sse sse2 ss ht tm pbe syscall nx pdpe1gb rdtscp lm constant_tsc arch_perfmon pebs bts rep_good nopl xtopology nonstop_tsc aperfmperf eagerfpu pni pclmulqdq dtes64 monitor ds_cpl vmx smx est tm2 ssse3 cx16 xtpr pdcm pcid dca sse4_1 sse4_2 popcnt aes lahf_lm tpr_shadow vnmi flexpriority ept vpid dtherm ida arat
bugs		:
bogomips	: 6649.80
clflush size	: 64
cache_alignment	: 64
address sizes	: 40 bits physical, 48 bits virtual
power management:

processor	: 5
vendor_id	: GenuineIntel
cpu family	: 6
model		: 44
model name	: Intel(R) Xeon(R) CPU           X5680  @ 3.33GHz
stepping	: 2
microcode	: 0x1a
cpu MHz		: 3324.900
cache size	: 12288 KB
physical id	: 0
siblings	: 12
core id		: 2
cpu cores	: 6
apicid		: 4
initial apicid	: 4
fpu		: yes
fpu_exception	: yes
cpuid level	: 11
wp		: yes
flags		: fpu vme de pse tsc msr pae mce cx8 apic sep mtrr pge mca cmov pat pse36 clflush dts acpi mmx fxsr sse sse2 ss ht tm pbe syscall nx pdpe1gb rdtscp lm constant_tsc arch_perfmon pebs bts rep_good nopl xtopology nonstop_tsc aperfmperf eagerfpu pni pclmulqdq dtes64 monitor ds_cpl vmx smx est tm2 ssse3 cx16 xtpr pdcm pcid dca sse4_1 sse4_2 popcnt aes lahf_lm tpr_shadow vnmi flexpriority ept vpid dtherm ida arat
bugs		:
bogomips	: 6649.80
clflush size	: 64
cache_alignment	: 64
address sizes	: 40 bits physical, 48 bits virtual
power management:

processor	: 6
vendor_id	: GenuineIntel
cpu family	: 6
model		: 44
model name	: Intel(R) Xeon(R) CPU           X5680  @ 3.33GHz
stepping	: 2
microcode	: 0x1a
cpu MHz		: 3324.900
cache size	: 12288 KB
physical id	: 1
siblings	: 12
core id		: 8
cpu cores	: 6
apicid		: 48
initial apicid	: 48
fpu		: yes
fpu_exception	: yes
cpuid level	: 11
wp		: yes
flags		: fpu vme de pse tsc msr pae mce cx8 apic sep mtrr pge mca cmov pat pse36 clflush dts acpi mmx fxsr sse sse2 ss ht tm pbe syscall nx pdpe1gb rdtscp lm constant_tsc arch_perfmon pebs bts rep_good nopl xtopology nonstop_tsc aperfmperf eagerfpu pni pclmulqdq dtes64 monitor ds_cpl vmx smx est tm2 ssse3 cx16 xtpr pdcm pcid dca sse4_1 sse4_2 popcnt aes lahf_lm tpr_shadow vnmi flexpriority ept vpid dtherm ida arat
bugs		:
bogomips	: 6649.80
clflush size	: 64
cache_alignment	: 64
address sizes	: 40 bits physical, 48 bits virtual
power management:

processor	: 7
vendor_id	: GenuineIntel
cpu family	: 6
model		: 44
model name	: Intel(R) Xeon(R) CPU           X5680  @ 3.33GHz
stepping	: 2
microcode	: 0x1a
cpu MHz		: 3324.900
cache size	: 12288 KB
physical id	: 0
siblings	: 12
core id		: 8
cpu cores	: 6
apicid		: 16
initial apicid	: 16
fpu		: yes
fpu_exception	: yes
cpuid level	: 11
wp		: yes
flags		: fpu vme de pse tsc msr pae mce cx8 apic sep mtrr pge mca cmov pat pse36 clflush dts acpi mmx fxsr sse sse2 ss ht tm pbe syscall nx pdpe1gb rdtscp lm constant_tsc arch_perfmon pebs bts rep_good nopl xtopology nonstop_tsc aperfmperf eagerfpu pni pclmulqdq dtes64 monitor ds_cpl vmx smx est tm2 ssse3 cx16 xtpr pdcm pcid dca sse4_1 sse4_2 popcnt aes lahf_lm tpr_shadow vnmi flexpriority ept vpid dtherm ida arat
bugs		:
bogomips	: 6649.80
clflush size	: 64
cache_alignment	: 64
address sizes	: 40 bits physical, 48 bits virtual
power management:

processor	: 8
vendor_id	: GenuineIntel
cpu family	: 6
model		: 44
model name	: Intel(R) Xeon(R) CPU           X5680  @ 3.33GHz
stepping	: 2
microcode	: 0x1a
cpu MHz		: 3324.900
cache size	: 12288 KB
physical id	: 1
siblings	: 12
core id		: 9
cpu cores	: 6
apicid		: 50
initial apicid	: 50
fpu		: yes
fpu_exception	: yes
cpuid level	: 11
wp		: yes
flags		: fpu vme de pse tsc msr pae mce cx8 apic sep mtrr pge mca cmov pat pse36 clflush dts acpi mmx fxsr sse sse2 ss ht tm pbe syscall nx pdpe1gb rdtscp lm constant_tsc arch_perfmon pebs bts rep_good nopl xtopology nonstop_tsc aperfmperf eagerfpu pni pclmulqdq dtes64 monitor ds_cpl vmx smx est tm2 ssse3 cx16 xtpr pdcm pcid dca sse4_1 sse4_2 popcnt aes lahf_lm tpr_shadow vnmi flexpriority ept vpid dtherm ida arat
bugs		:
bogomips	: 6649.80
clflush size	: 64
cache_alignment	: 64
address sizes	: 40 bits physical, 48 bits virtual
power management:

processor	: 9
vendor_id	: GenuineIntel
cpu family	: 6
model		: 44
model name	: Intel(R) Xeon(R) CPU           X5680  @ 3.33GHz
stepping	: 2
microcode	: 0x1a
cpu MHz		: 3324.900
cache size	: 12288 KB
physical id	: 0
siblings	: 12
core id		: 9
cpu cores	: 6
apicid		: 18
initial apicid	: 18
fpu		: yes
fpu_exception	: yes
cpuid level	: 11
wp		: yes
flags		: fpu vme de pse tsc msr pae mce cx8 apic sep mtrr pge mca cmov pat pse36 clflush dts acpi mmx fxsr sse sse2 ss ht tm pbe syscall nx pdpe1gb rdtscp lm constant_tsc arch_perfmon pebs bts rep_good nopl xtopology nonstop_tsc aperfmperf eagerfpu pni pclmulqdq dtes64 monitor ds_cpl vmx smx est tm2 ssse3 cx16 xtpr pdcm pcid dca sse4_1 sse4_2 popcnt aes lahf_lm tpr_shadow vnmi flexpriority ept vpid dtherm ida arat
bugs		:
bogomips	: 6649.80
clflush size	: 64
cache_alignment	: 64
address sizes	: 40 bits physical, 48 bits virtual
power management:

processor	: 10
vendor_id	: GenuineIntel
cpu family	: 6
model		: 44
model name	: Intel(R) Xeon(R) CPU           X5680  @ 3.33GHz
stepping	: 2
microcode	: 0x1a
cpu MHz		: 3324.900
cache size	: 12288 KB
physical id	: 1
siblings	: 12
core id		: 10
cpu cores	: 6
apicid		: 52
initial apicid	: 52
fpu		: yes
fpu_exception	: yes
cpuid level	: 11
wp		: yes
flags		: fpu vme de pse tsc msr pae mce cx8 apic sep mtrr pge mca cmov pat pse36 clflush dts acpi mmx fxsr sse sse2 ss ht tm pbe syscall nx pdpe1gb rdtscp lm constant_tsc arch_perfmon pebs bts rep_good nopl xtopology nonstop_tsc aperfmperf eagerfpu pni pclmulqdq dtes64 monitor ds_cpl vmx smx est tm2 ssse3 cx16 xtpr pdcm pcid dca sse4_1 sse4_2 popcnt aes lahf_lm tpr_shadow vnmi flexpriority ept vpid dtherm ida arat
bugs		:
bogomips	: 6649.80
clflush size	: 64
cache_alignment	: 64
address sizes	: 40 bits physical, 48 bits virtual
power management:

processor	: 11
vendor_id	: GenuineIntel
cpu family	: 6
model		: 44
model name	: Intel(R) Xeon(R) CPU           X5680  @ 3.33GHz
stepping	: 2
microcode	: 0x1a
cpu MHz		: 3324.900
cache size	: 12288 KB
physical id	: 0
siblings	: 12
core id		: 10
cpu cores	: 6
apicid		: 20
initial apicid	: 20
fpu		: yes
fpu_exception	: yes
cpuid level	: 11
wp		: yes
flags		: fpu vme de pse tsc msr pae mce cx8 apic sep mtrr pge mca cmov pat pse36 clflush dts acpi mmx fxsr sse sse2 ss ht tm pbe syscall nx pdpe1gb rdtscp lm constant_tsc arch_perfmon pebs bts rep_good nopl xtopology nonstop_tsc aperfmperf eagerfpu pni pclmulqdq dtes64 monitor ds_cpl vmx smx est tm2 ssse3 cx16 xtpr pdcm pcid dca sse4_1 sse4_2 popcnt aes lahf_lm tpr_shadow vnmi flexpriority ept vpid dtherm ida arat
bugs		:
bogomips	: 6649.80
clflush size	: 64
cache_alignment	: 64
address sizes	: 40 bits physical, 48 bits virtual
power management:

processor	: 12
vendor_id	: GenuineIntel
cpu family	: 6
model		: 44
model name	: Intel(R) Xeon(R) CPU           X5680  @ 3.33GHz
stepping	: 2
microcode	: 0x1a
cpu MHz		: 3324.900
cache size	: 12288 KB
physical id	: 1
siblings	: 12
core id		: 0
cpu cores	: 6
apicid		: 33
initial apicid	: 33
fpu		: yes
fpu_exception	: yes
cpuid level	: 11
wp		: yes
flags		: fpu vme de pse tsc msr pae mce cx8 apic sep mtrr pge mca cmov pat pse36 clflush dts acpi mmx fxsr sse sse2 ss ht tm pbe syscall nx pdpe1gb rdtscp lm constant_tsc arch_perfmon pebs bts rep_good nopl xtopology nonstop_tsc aperfmperf eagerfpu pni pclmulqdq dtes64 monitor ds_cpl vmx smx est tm2 ssse3 cx16 xtpr pdcm pcid dca sse4_1 sse4_2 popcnt aes lahf_lm tpr_shadow vnmi flexpriority ept vpid dtherm ida arat
bugs		:
bogomips	: 6649.80
clflush size	: 64
cache_alignment	: 64
address sizes	: 40 bits physical, 48 bits virtual
power management:

processor	: 13
vendor_id	: GenuineIntel
cpu family	: 6
model		: 44
model name	: Intel(R) Xeon(R) CPU           X5680  @ 3.33GHz
stepping	: 2
microcode	: 0x1a
cpu MHz		: 3324.900
cache size	: 12288 KB
physical id	: 0
siblings	: 12
core id		: 0
cpu cores	: 6
apicid		: 1
initial apicid	: 1
fpu		: yes
fpu_exception	: yes
cpuid level	: 11
wp		: yes
flags		: fpu vme de pse tsc msr pae mce cx8 apic sep mtrr pge mca cmov pat pse36 clflush dts acpi mmx fxsr sse sse2 ss ht tm pbe syscall nx pdpe1gb rdtscp lm constant_tsc arch_perfmon pebs bts rep_good nopl xtopology nonstop_tsc aperfmperf eagerfpu pni pclmulqdq dtes64 monitor ds_cpl vmx smx est tm2 ssse3 cx16 xtpr pdcm pcid dca sse4_1 sse4_2 popcnt aes lahf_lm tpr_shadow vnmi flexpriority ept vpid dtherm ida arat
bugs		:
bogomips	: 6649.80
clflush size	: 64
cache_alignment	: 64
address sizes	: 40 bits physical, 48 bits virtual
power management:

processor	: 14
vendor_id	: GenuineIntel
cpu family	: 6
model		: 44
model name	: Intel(R) Xeon(R) CPU           X5680  @ 3.33GHz
stepping	: 2
microcode	: 0x1a
cpu MHz		: 3324.900
cache size	: 12288 KB
physical id	: 1
siblings	: 12
core id		: 1
cpu cores	: 6
apicid		: 35
initial apicid	: 35
fpu		: yes
fpu_exception	: yes
cpuid level	: 11
wp		: yes
flags		: fpu vme de pse tsc msr pae mce cx8 apic sep mtrr pge mca cmov pat pse36 clflush dts acpi mmx fxsr sse sse2 ss ht tm pbe syscall nx pdpe1gb rdtscp lm constant_tsc arch_perfmon pebs bts rep_good nopl xtopology nonstop_tsc aperfmperf eagerfpu pni pclmulqdq dtes64 monitor ds_cpl vmx smx est tm2 ssse3 cx16 xtpr pdcm pcid dca sse4_1 sse4_2 popcnt aes lahf_lm tpr_shadow vnmi flexpriority ept vpid dtherm ida arat
bugs		:
bogomips	: 6649.80
clflush size	: 64
cache_alignment	: 64
address sizes	: 40 bits physical, 48 bits virtual
power management:

processor	: 15
vendor_id	: GenuineIntel
cpu family	: 6
model		: 44
model name	: Intel(R) Xeon(R) CPU           X5680  @ 3.33GHz
stepping	: 2
microcode	: 0x1a
cpu MHz		: 3324.900
cache size	: 12288 KB
physical id	: 0
siblings	: 12
core id		: 1
cpu cores	: 6
apicid		: 3
initial apicid	: 3
fpu		: yes
fpu_exception	: yes
cpuid level	: 11
wp		: yes
flags		: fpu vme de pse tsc msr pae mce cx8 apic sep mtrr pge mca cmov pat pse36 clflush dts acpi mmx fxsr sse sse2 ss ht tm pbe syscall nx pdpe1gb rdtscp lm constant_tsc arch_perfmon pebs bts rep_good nopl xtopology nonstop_tsc aperfmperf eagerfpu pni pclmulqdq dtes64 monitor ds_cpl vmx smx est tm2 ssse3 cx16 xtpr pdcm pcid dca sse4_1 sse4_2 popcnt aes lahf_lm tpr_shadow vnmi flexpriority ept vpid dtherm ida arat
bugs		:
bogomips	: 6649.80
clflush size	: 64
cache_alignment	: 64
address sizes	: 40 bits physical, 48 bits virtual
power management:

processor	: 16
vendor_id	: GenuineIntel
cpu family	: 6
model		: 44
model name	: Intel(R) Xeon(R) CPU           X5680  @ 3.33GHz
stepping	: 2
microcode	: 0x1a
cpu MHz		: 3324.900
cache size	: 12288 KB
physical id	: 1
siblings	: 12
core id		: 2
cpu cores	: 6
apicid		: 37
initial apicid	: 37
fpu		: yes
fpu_exception	: yes
cpuid level	: 11
wp		: yes
flags		: fpu vme de pse tsc msr pae mce cx8 apic sep mtrr pge mca cmov pat pse36 clflush dts acpi mmx fxsr sse sse2 ss ht tm pbe syscall nx pdpe1gb rdtscp lm constant_tsc arch_perfmon pebs bts rep_good nopl xtopology nonstop_tsc aperfmperf eagerfpu pni pclmulqdq dtes64 monitor ds_cpl vmx smx est tm2 ssse3 cx16 xtpr pdcm pcid dca sse4_1 sse4_2 popcnt aes lahf_lm tpr_shadow vnmi flexpriority ept vpid dtherm ida arat
bugs		:
bogomips	: 6649.80
clflush size	: 64
cache_alignment	: 64
address sizes	: 40 bits physical, 48 bits virtual
power management:

processor	: 17
vendor_id	: GenuineIntel
cpu family	: 6
model		: 44
model name	: Intel(R) Xeon(R) CPU           X5680  @ 3.33GHz
stepping	: 2
microcode	: 0x1a
cpu MHz		: 3324.900
cache size	: 12288 KB
physical id	: 0
siblings	: 12
core id		: 2
cpu cores	: 6
apicid		: 5
initial apicid	: 5
fpu		: yes
fpu_exception	: yes
cpuid level	: 11
wp		: yes
flags		: fpu vme de pse tsc msr pae mce cx8 apic sep mtrr pge mca cmov pat pse36 clflush dts acpi mmx fxsr sse sse2 ss ht tm pbe syscall nx pdpe1gb rdtscp lm constant_tsc arch_perfmon pebs bts rep_good nopl xtopology nonstop_tsc aperfmperf eagerfpu pni pclmulqdq dtes64 monitor ds_cpl vmx smx est tm2 ssse3 cx16 xtpr pdcm pcid dca sse4_1 sse4_2 popcnt aes lahf_lm tpr_shadow vnmi flexpriority ept vpid dtherm ida arat
bugs		:
bogomips	: 6649.80
clflush size	: 64
cache_alignment	: 64
address sizes	: 40 bits physical, 48 bits virtual
power management:

processor	: 18
vendor_id	: GenuineIntel
cpu family	: 6
model		: 44
model name	: Intel(R) Xeon(R) CPU           X5680  @ 3.33GHz
stepping	: 2
microcode	: 0x1a
cpu MHz		: 3324.900
cache size	: 12288 KB
physical id	: 1
siblings	: 12
core id		: 8
cpu cores	: 6
apicid		: 49
initial apicid	: 49
fpu		: yes
fpu_exception	: yes
cpuid level	: 11
wp		: yes
flags		: fpu vme de pse tsc msr pae mce cx8 apic sep mtrr pge mca cmov pat pse36 clflush dts acpi mmx fxsr sse sse2 ss ht tm pbe syscall nx pdpe1gb rdtscp lm constant_tsc arch_perfmon pebs bts rep_good nopl xtopology nonstop_tsc aperfmperf eagerfpu pni pclmulqdq dtes64 monitor ds_cpl vmx smx est tm2 ssse3 cx16 xtpr pdcm pcid dca sse4_1 sse4_2 popcnt aes lahf_lm tpr_shadow vnmi flexpriority ept vpid dtherm ida arat
bugs		:
bogomips	: 6649.80
clflush size	: 64
cache_alignment	: 64
address sizes	: 40 bits physical, 48 bits virtual
power management:

processor	: 19
vendor_id	: GenuineIntel
cpu family	: 6
model		: 44
model name	: Intel(R) Xeon(R) CPU           X5680  @ 3.33GHz
stepping	: 2
microcode	: 0x1a
cpu MHz		: 3324.900
cache size	: 12288 KB
physical id	: 0
siblings	: 12
core id		: 8
cpu cores	: 6
apicid		: 17
initial apicid	: 17
fpu		: yes
fpu_exception	: yes
cpuid level	: 11
wp		: yes
flags		: fpu vme de pse tsc msr pae mce cx8 apic sep mtrr pge mca cmov pat pse36 clflush dts acpi mmx fxsr sse sse2 ss ht tm pbe syscall nx pdpe1gb rdtscp lm constant_tsc arch_perfmon pebs bts rep_good nopl xtopology nonstop_tsc aperfmperf eagerfpu pni pclmulqdq dtes64 monitor ds_cpl vmx smx est tm2 ssse3 cx16 xtpr pdcm pcid dca sse4_1 sse4_2 popcnt aes lahf_lm tpr_shadow vnmi flexpriority ept vpid dtherm ida arat
bugs		:
bogomips	: 6649.80
clflush size	: 64
cache_alignment	: 64
address sizes	: 40 bits physical, 48 bits virtual
power management:

processor	: 20
vendor_id	: GenuineIntel
cpu family	: 6
model		: 44
model name	: Intel(R) Xeon(R) CPU           X5680  @ 3.33GHz
stepping	: 2
microcode	: 0x1a
cpu MHz		: 3324.900
cache size	: 12288 KB
physical id	: 1
siblings	: 12
core id		: 9
cpu cores	: 6
apicid		: 51
initial apicid	: 51
fpu		: yes
fpu_exception	: yes
cpuid level	: 11
wp		: yes
flags		: fpu vme de pse tsc msr pae mce cx8 apic sep mtrr pge mca cmov pat pse36 clflush dts acpi mmx fxsr sse sse2 ss ht tm pbe syscall nx pdpe1gb rdtscp lm constant_tsc arch_perfmon pebs bts rep_good nopl xtopology nonstop_tsc aperfmperf eagerfpu pni pclmulqdq dtes64 monitor ds_cpl vmx smx est tm2 ssse3 cx16 xtpr pdcm pcid dca sse4_1 sse4_2 popcnt aes lahf_lm tpr_shadow vnmi flexpriority ept vpid dtherm ida arat
bugs		:
bogomips	: 6649.80
clflush size	: 64
cache_alignment	: 64
address sizes	: 40 bits physical, 48 bits virtual
power management:

processor	: 21
vendor_id	: GenuineIntel
cpu family	: 6
model		: 44
model name	: Intel(R) Xeon(R) CPU           X5680  @ 3.33GHz
stepping	: 2
microcode	: 0x1a
cpu MHz		: 3324.900
cache size	: 12288 KB
physical id	: 0
siblings	: 12
core id		: 9
cpu cores	: 6
apicid		: 19
initial apicid	: 19
fpu		: yes
fpu_exception	: yes
cpuid level	: 11
wp		: yes
flags		: fpu vme de pse tsc msr pae mce cx8 apic sep mtrr pge mca cmov pat pse36 clflush dts acpi mmx fxsr sse sse2 ss ht tm pbe syscall nx pdpe1gb rdtscp lm constant_tsc arch_perfmon pebs bts rep_good nopl xtopology nonstop_tsc aperfmperf eagerfpu pni pclmulqdq dtes64 monitor ds_cpl vmx smx est tm2 ssse3 cx16 xtpr pdcm pcid dca sse4_1 sse4_2 popcnt aes lahf_lm tpr_shadow vnmi flexpriority ept vpid dtherm ida arat
bugs		:
bogomips	: 6649.80
clflush size	: 64
cache_alignment	: 64
address sizes	: 40 bits physical, 48 bits virtual
power management:

processor	: 22
vendor_id	: GenuineIntel
cpu family	: 6
model		: 44
model name	: Intel(R) Xeon(R) CPU           X5680  @ 3.33GHz
stepping	: 2
microcode	: 0x1a
cpu MHz		: 3324.900
cache size	: 12288 KB
physical id	: 1
siblings	: 12
core id		: 10
cpu cores	: 6
apicid		: 53
initial apicid	: 53
fpu		: yes
fpu_exception	: yes
cpuid level	: 11
wp		: yes
flags		: fpu vme de pse tsc msr pae mce cx8 apic sep mtrr pge mca cmov pat pse36 clflush dts acpi mmx fxsr sse sse2 ss ht tm pbe syscall nx pdpe1gb rdtscp lm constant_tsc arch_perfmon pebs bts rep_good nopl xtopology nonstop_tsc aperfmperf eagerfpu pni pclmulqdq dtes64 monitor ds_cpl vmx smx est tm2 ssse3 cx16 xtpr pdcm pcid dca sse4_1 sse4_2 popcnt aes lahf_lm tpr_shadow vnmi flexpriority ept vpid dtherm ida arat
bugs		:
bogomips	: 6649.80
clflush size	: 64
cache_alignment	: 64
address sizes	: 40 bits physical, 48 bits virtual
power management:

processor	: 23
vendor_id	: GenuineIntel
cpu family	: 6
model		: 44
model name	: Intel(R) Xeon(R) CPU           X5680  @ 3.33GHz
stepping	: 2
microcode	: 0x1a
cpu MHz		: 3324.900
cache size	: 12288 KB
physical id	: 0
siblings	: 12
core id		: 10
cpu cores	: 6
apicid		: 21
initial apicid	: 21
fpu		: yes
fpu_exception	: yes
cpuid level	: 11
wp		: yes
flags		: fpu vme de pse tsc msr pae mce cx8 apic sep mtrr pge mca cmov pat pse36 clflush dts acpi mmx fxsr sse sse2 ss ht tm pbe syscall nx pdpe1gb rdtscp lm constant_tsc arch_perfmon pebs bts rep_good nopl xtopology nonstop_tsc aperfmperf eagerfpu pni pclmulqdq dtes64 monitor ds_cpl vmx smx est tm2 ssse3 cx16 xtpr pdcm pcid dca sse4_1 sse4_2 popcnt aes lahf_lm tpr_shadow vnmi flexpriority ept vpid dtherm ida arat
bugs		:
bogomips	: 6649.80
clflush size	: 64
cache_alignment	: 64
address sizes	: 40 bits physical, 48 bits virtual
power management:



Memory: 4k page, physical 148535744k(1617768k free), swap 3906556k(178448k free)

vm_info: Java HotSpot(TM) 64-Bit Server VM (25.131-b11) for linux-amd64 JRE (1.8.0_131-b11), built on Mar 15 2017 01:23:40 by "java_re" with gcc 4.3.0 20080428 (Red Hat 4.3.0-8)

time: Tue Aug 14 21:47:40 2018
elapsed time: 0 seconds (0d 0h 0m 0s)

